<?xml version="1.0" encoding="UTF-8"?>
<testsuite xmlns:xsi="http://www.w3.org/2001/XMLSchema-instance" xsi:noNamespaceSchemaLocation="https://maven.apache.org/surefire/maven-surefire-plugin/xsd/surefire-test-report.xsd" version="3.0.2" name="com.titan.gateway.GatewayApplicationTests" time="1.845" tests="1" errors="0" skipped="0" failures="0" flakes="0">
  <properties>
[...]
</properties>
  <testcase name="contextLoads" classname="com.titan.gateway.GatewayApplicationTests" time="0.32">
    <system-out><![CDATA[11:44:59.558 [main] INFO org.springframework.test.context.support.AnnotationConfigContextLoaderUtils -- Could not detect default configuration classes for test class [com.titan.gateway.GatewayApplicationTests]: GatewayApplicationTests does not declare any static, non-private, non-final, nested classes annotated with @Configuration.
11:44:59.598 [main] INFO org.springframework.boot.test.context.SpringBootTestContextBootstrapper -- Found @SpringBootConfiguration com.titan.gateway.GatewayApplication for test class com.titan.gateway.GatewayApplicationTests
11:44:59.630 [main] INFO org.springframework.test.context.support.AnnotationConfigContextLoaderUtils -- Could not detect default configuration classes for test class [com.titan.gateway.GatewayApplicationTests]: GatewayApplicationTests does not declare any static, non-private, non-final, nested classes annotated with @Configuration.
11:44:59.630 [main] INFO org.springframework.boot.test.context.SpringBootTestContextBootstrapper -- Found @SpringBootConfiguration com.titan.gateway.GatewayApplication for test class com.titan.gateway.GatewayApplicationTests

  .   ____          _            __ _ _
 /\\ / ___'_ __ _ _(_)_ __  __ _ \ \ \ \
( ( )\___ | '_ | '_| | '_ \/ _` | \ \ \ \
 \\/  ___)| |_)| | | | | || (_| |  ) ) ) )
  '  |____| .__|_| |_|_| |_\__, | / / / /
 =========|_|==============|___/=/_/_/_/

 :: Spring Boot ::                (v4.0.6)

2026-05-29T11:44:59.880+08:00  INFO 2615 --- [gateway] [           main] c.titan.gateway.GatewayApplicationTests  : Starting GatewayApplicationTests using Java 17.0.19 with PID 2615 (started by muhammad-mac in /Users/muhammad-mac/Documents/Github/ansible/ansible-titan-poc/containers/gateway)
2026-05-29T11:44:59.880+08:00  INFO 2615 --- [gateway] [           main] c.titan.gateway.GatewayApplicationTests  : No active profile set, falling back to 1 default profile: "default"
2026-05-29T11:45:00.288+08:00  INFO 2615 --- [gateway] [           main] o.s.cloud.context.scope.GenericScope     : BeanFactory id=75874553-4174-3cb8-a8ee-0df3ecfc1f64
2026-05-29T11:45:00.816+08:00  WARN 2615 --- [gateway] [           main] iguration$LoadBalancerCaffeineWarnLogger : Spring Cloud LoadBalancer is currently working with the default cache. While this cache implementation is useful for development and tests, it's recommended to use Caffeine cache in production.You can switch to using Caffeine cache, by adding it and org.springframework.cache.caffeine.CaffeineCacheManager to the classpath.
2026-05-29T11:45:00.885+08:00  INFO 2615 --- [gateway] [           main] o.s.c.n.eureka.InstanceInfoFactory       : Setting initial instance status as: STARTING
2026-05-29T11:45:00.893+08:00  INFO 2615 --- [gateway] [           main] com.netflix.discovery.DiscoveryClient    : Initializing Eureka in region us-east-1
2026-05-29T11:45:00.893+08:00  INFO 2615 --- [gateway] [           main] com.netflix.discovery.DiscoveryClient    : Client configured to neither register nor query for data.
2026-05-29T11:45:00.893+08:00  INFO 2615 --- [gateway] [           main] com.netflix.discovery.DiscoveryClient    : Discovery Client initialized at timestamp 1780026300893 with initial instances count: 0
2026-05-29T11:45:00.907+08:00  INFO 2615 --- [gateway] [           main] c.n.eureka.DefaultEurekaServerContext    : Initializing ...
2026-05-29T11:45:00.907+08:00  WARN 2615 --- [gateway] [           main] c.n.eureka.cluster.PeerEurekaNodes       : The replica size seems to be empty. Check the route 53 DNS Registry
2026-05-29T11:45:00.911+08:00  INFO 2615 --- [gateway] [           main] c.n.e.registry.AbstractInstanceRegistry  : Finished initializing remote region registries. All known remote regions: []
2026-05-29T11:45:00.911+08:00  INFO 2615 --- [gateway] [           main] c.n.eureka.DefaultEurekaServerContext    : Initialized
2026-05-29T11:45:00.960+08:00  INFO 2615 --- [gateway] [           main] o.s.b.a.e.web.EndpointLinksResolver      : Exposing 1 endpoint beneath base path '/actuator'
2026-05-29T11:45:00.977+08:00  INFO 2615 --- [gateway] [           main] o.s.c.n.e.s.EurekaServiceRegistry        : Registering application GATEWAY with eureka with status UP
2026-05-29T11:45:00.981+08:00  INFO 2615 --- [gateway] [      Thread-10] o.s.c.n.e.server.EurekaServerBootstrap   : isAws returned false
2026-05-29T11:45:00.982+08:00  INFO 2615 --- [gateway] [      Thread-10] o.s.c.n.e.server.EurekaServerBootstrap   : Initialized server context
2026-05-29T11:45:00.982+08:00  INFO 2615 --- [gateway] [      Thread-10] c.n.e.r.PeerAwareInstanceRegistryImpl    : Got 1 instances from neighboring DS node
2026-05-29T11:45:00.982+08:00  INFO 2615 --- [gateway] [      Thread-10] c.n.e.r.PeerAwareInstanceRegistryImpl    : Renew threshold is: 1
2026-05-29T11:45:00.982+08:00  INFO 2615 --- [gateway] [      Thread-10] c.n.e.r.PeerAwareInstanceRegistryImpl    : Changing status to UP
2026-05-29T11:45:00.983+08:00  INFO 2615 --- [gateway] [      Thread-10] e.s.EurekaServerInitializerConfiguration : Started Eureka Server
2026-05-29T11:45:00.983+08:00  INFO 2615 --- [gateway] [           main] c.titan.gateway.GatewayApplicationTests  : Started GatewayApplicationTests in 1.242 seconds (process running for 1.763)
]]></system-out>
  </testcase>
</testsuite>